<?xml version="1.0" encoding="UTF-8"?>
<!-- Generated by org.testng.reporters.JUnitXMLReporter -->
<testsuite ignored="0" hostname="Sujith" failures="0" tests="5" name="Default test" time="0.064" errors="0" timestamp="2024-12-30T20:01:25 IST">
  <testcase classname="TestNg.SampleAnnotation" name="testCase1" time="0.009"/>
  <testcase classname="TestNg.SampleAnnotation" name="testCase5" time="0.001"/>
  <testcase classname="TestNg.SampleAnnotation" name="testCase4" time="0.001"/>
  <testcase classname="TestNg.SampleAnnotation" name="testCase2" time="0.001"/>
  <testcase classname="TestNg.SampleAnnotation" name="testCase3" time="0.001"/>
</testsuite> <!-- Default test -->
