<?xml version="1.0" encoding="UTF-8"?>
<testng-results ignored="0" total="5" passed="5" failed="0" skipped="0">
  <reporter-output>
  </reporter-output>
  <suite started-at="2024-12-30T20:01:25 IST" name="Default suite" finished-at="2024-12-30T20:01:25 IST" duration-ms="64">
    <groups>
    </groups>
    <test started-at="2024-12-30T20:01:25 IST" name="Default test" finished-at="2024-12-30T20:01:25 IST" duration-ms="64">
      <class name="TestNg.SampleAnnotation">
        <test-method is-config="true" signature="beforeMethod()[pri:0, instance:TestNg.SampleAnnotation@158d2680]" started-at="2024-12-30T20:01:25 IST" name="beforeMethod" finished-at="2024-12-30T20:01:25 IST" duration-ms="5" status="PASS">
          <reporter-output>
          </reporter-output>
        </test-method> <!-- beforeMethod -->
        <test-method signature="testCase1()[pri:0, instance:TestNg.SampleAnnotation@158d2680]" started-at="2024-12-30T20:01:25 IST" name="testCase1" finished-at="2024-12-30T20:01:25 IST" duration-ms="9" status="PASS">
          <reporter-output>
          </reporter-output>
        </test-method> <!-- testCase1 -->
        <test-method is-config="true" signature="afterMethod()[pri:0, instance:TestNg.SampleAnnotation@158d2680]" started-at="2024-12-30T20:01:25 IST" name="afterMethod" finished-at="2024-12-30T20:01:25 IST" duration-ms="1" status="PASS">
          <reporter-output>
          </reporter-output>
        </test-method> <!-- afterMethod -->
        <test-method signature="testCase5()[pri:2, instance:TestNg.SampleAnnotation@158d2680]" started-at="2024-12-30T20:01:25 IST" name="testCase5" finished-at="2024-12-30T20:01:25 IST" duration-ms="1" status="PASS">
          <reporter-output>
          </reporter-output>
        </test-method> <!-- testCase5 -->
        <test-method is-config="true" signature="beforeMethod()[pri:0, instance:TestNg.SampleAnnotation@158d2680]" started-at="2024-12-30T20:01:25 IST" name="beforeMethod" finished-at="2024-12-30T20:01:25 IST" duration-ms="0" status="PASS">
          <reporter-output>
          </reporter-output>
        </test-method> <!-- beforeMethod -->
        <test-method is-config="true" signature="afterMethod()[pri:0, instance:TestNg.SampleAnnotation@158d2680]" started-at="2024-12-30T20:01:25 IST" name="afterMethod" finished-at="2024-12-30T20:01:25 IST" duration-ms="1" status="PASS">
          <reporter-output>
          </reporter-output>
        </test-method> <!-- afterMethod -->
        <test-method is-config="true" signature="beforeMethod()[pri:0, instance:TestNg.SampleAnnotation@158d2680]" started-at="2024-12-30T20:01:25 IST" name="beforeMethod" finished-at="2024-12-30T20:01:25 IST" duration-ms="0" status="PASS">
          <reporter-output>
          </reporter-output>
        </test-method> <!-- beforeMethod -->
        <test-method signature="testCase4()[pri:3, instance:TestNg.SampleAnnotation@158d2680]" started-at="2024-12-30T20:01:25 IST" name="testCase4" finished-at="2024-12-30T20:01:25 IST" duration-ms="1" status="PASS">
          <reporter-output>
          </reporter-output>
        </test-method> <!-- testCase4 -->
        <test-method is-config="true" signature="afterMethod()[pri:0, instance:TestNg.SampleAnnotation@158d2680]" started-at="2024-12-30T20:01:25 IST" name="afterMethod" finished-at="2024-12-30T20:01:25 IST" duration-ms="0" status="PASS">
          <reporter-output>
          </reporter-output>
        </test-method> <!-- afterMethod -->
        <test-method signature="testCase2()[pri:4, instance:TestNg.SampleAnnotation@158d2680]" started-at="2024-12-30T20:01:25 IST" name="testCase2" finished-at="2024-12-30T20:01:25 IST" duration-ms="1" status="PASS">
          <reporter-output>
          </reporter-output>
        </test-method> <!-- testCase2 -->
        <test-method is-config="true" signature="beforeMethod()[pri:0, instance:TestNg.SampleAnnotation@158d2680]" started-at="2024-12-30T20:01:25 IST" name="beforeMethod" finished-at="2024-12-30T20:01:25 IST" duration-ms="0" status="PASS">
          <reporter-output>
          </reporter-output>
        </test-method> <!-- beforeMethod -->
        <test-method is-config="true" signature="afterMethod()[pri:0, instance:TestNg.SampleAnnotation@158d2680]" started-at="2024-12-30T20:01:25 IST" name="afterMethod" finished-at="2024-12-30T20:01:25 IST" duration-ms="1" status="PASS">
          <reporter-output>
          </reporter-output>
        </test-method> <!-- afterMethod -->
        <test-method is-config="true" signature="beforeMethod()[pri:0, instance:TestNg.SampleAnnotation@158d2680]" started-at="2024-12-30T20:01:25 IST" name="beforeMethod" finished-at="2024-12-30T20:01:25 IST" duration-ms="0" status="PASS">
          <reporter-output>
          </reporter-output>
        </test-method> <!-- beforeMethod -->
        <test-method signature="testCase3()[pri:5, instance:TestNg.SampleAnnotation@158d2680]" started-at="2024-12-30T20:01:25 IST" name="testCase3" finished-at="2024-12-30T20:01:25 IST" duration-ms="1" status="PASS">
          <reporter-output>
          </reporter-output>
        </test-method> <!-- testCase3 -->
        <test-method is-config="true" signature="afterMethod()[pri:0, instance:TestNg.SampleAnnotation@158d2680]" started-at="2024-12-30T20:01:25 IST" name="afterMethod" finished-at="2024-12-30T20:01:25 IST" duration-ms="1" status="PASS">
          <reporter-output>
          </reporter-output>
        </test-method> <!-- afterMethod -->
      </class> <!-- TestNg.SampleAnnotation -->
    </test> <!-- Default test -->
  </suite> <!-- Default suite -->
</testng-results>
